<?xml version="1.0" encoding="UTF-8"?>
<testng-results skipped="0" failed="0" total="1" passed="1">
  <reporter-output>
  </reporter-output>
  <suite name="Suite" duration-ms="2752" started-at="2018-07-06T13:03:08Z" finished-at="2018-07-06T13:03:11Z">
    <groups>
    </groups>
    <test name="Test" duration-ms="2752" started-at="2018-07-06T13:03:08Z" finished-at="2018-07-06T13:03:11Z">
      <class name="scripts.Gmail">
        <test-method status="PASS" signature="openBrowser(java.lang.String)" name="openBrowser" is-config="true" duration-ms="4208" started-at="2018-07-06T13:03:04Z" finished-at="2018-07-06T13:03:08Z">
          <params>
            <param index="0">
              <value>
                <![CDATA[chrome]]>
              </value>
            </param>
          </params>
        </test-method>
        <test-method status="PASS" signature="beforeTCExecution(java.lang.reflect.Method)" name="beforeTCExecution" is-config="true" duration-ms="4" started-at="2018-07-06T13:03:08Z" finished-at="2018-07-06T13:03:08Z">
          <params>
            <param index="0">
              <value>
                <![CDATA[public void scripts.Gmail.gmail()]]>
              </value>
            </param>
          </params>
        </test-method>
        <test-method status="PASS" signature="gmail()" name="gmail" duration-ms="2741" started-at="2018-07-06T13:03:08Z" finished-at="2018-07-06T13:03:11Z">
        </test-method>
        <test-method status="PASS" signature="AFTERTCExecution(org.testng.ITestResult)" name="AFTERTCExecution" is-config="true" duration-ms="1" started-at="2018-07-06T13:03:11Z" finished-at="2018-07-06T13:03:11Z">
          <params>
            <param index="0">
              <value>
                <![CDATA[[TestResult: gmail STATUS:SUCCESS METHOD:scripts.Gmail.gmail()]
]]>
              </value>
            </param>
          </params>
        </test-method>
        <test-method status="PASS" signature="closeBrowser()" name="closeBrowser" is-config="true" duration-ms="2236" started-at="2018-07-06T13:03:11Z" finished-at="2018-07-06T13:03:13Z">
        </test-method>
      </class>
    </test>
  </suite>
</testng-results>
